<?xml version="1.0" encoding="UTF-8"?>
<!-- Generated by org.testng.reporters.JUnitXMLReporter -->
<testsuite hostname="Alis-MBP" ignored="0" name="Default test" tests="14" failures="0" timestamp="06 Jan 2019 17:38:18 GMT" time="104.275" errors="0">
  <testcase name="LoginToFacebook" time="8.308" classname="DDT.FacebookLoginExcel"/>
  <testcase name="LoginToFacebook" time="6.622" classname="DDT.FacebookLoginExcel"/>
  <testcase name="LoginToFacebook" time="7.021" classname="DDT.FacebookLoginExcel"/>
  <testcase name="LoginToFacebook" time="8.419" classname="DDT.FacebookLoginExcel"/>
  <testcase name="LoginToFacebook" time="7.671" classname="DDT.FacebookLoginExcel"/>
  <testcase name="LoginToFacebook" time="7.592" classname="DDT.FacebookLoginExcel"/>
  <testcase name="LoginToFacebook" time="7.474" classname="DDT.FacebookLoginExcel"/>
  <testcase name="LoginToFacebook" time="7.088" classname="DDT.FacebookLoginExcel"/>
  <testcase name="LoginToFacebook" time="6.686" classname="DDT.FacebookLoginExcel"/>
  <testcase name="LoginToFacebook" time="6.909" classname="DDT.FacebookLoginExcel"/>
  <testcase name="LoginToFacebook" time="7.787" classname="DDT.FacebookLoginExcel"/>
  <testcase name="LoginToFacebook" time="7.165" classname="DDT.FacebookLoginExcel"/>
  <testcase name="LoginToFacebook" time="6.832" classname="DDT.FacebookLoginExcel"/>
  <testcase name="LoginToFacebook" time="6.821" classname="DDT.FacebookLoginExcel"/>
</testsuite> <!-- Default test -->
