<?xml version="1.0" encoding="UTF-8"?>
<!-- Generated by org.testng.reporters.JUnitXMLReporter -->
<testsuite hostname="Alis-MBP" ignored="0" name="Test" tests="1" failures="1" timestamp="06 Jan 2019 07:49:46 GMT" time="0.025" errors="0">
  <testcase name="LoginToFacebook" time="0.011" classname="DataDrivenTesting.FacebookLogin">
    <failure type="org.testng.internal.reflect.MethodMatcherException" message="
Data provider mismatch
Method: LoginToFacebook([])
Arguments: [(java.lang.String) abcd@gmail.com,(java.lang.String) abcd1234]">
      <![CDATA[org.testng.internal.reflect.MethodMatcherException: 
Data provider mismatch
Method: LoginToFacebook([])
Arguments: [(java.lang.String) abcd@gmail.com,(java.lang.String) abcd1234]
... Removed 20 stack frames]]>
    </failure>
  </testcase> <!-- LoginToFacebook -->
</testsuite> <!-- Test -->
